// 同步 ID: 0aae6a43 @ Tue Jul  7 00:52:31 UTC 2026
// 同步 ID: 350b3086 @ Wed Jul  8 03:13:23 UTC 2026
// 重构日志: 65db5a24
// 重构日志: f3c1075e
// 重构日志: 019fcc96
// 重构日志: cad914ad
// 重构日志: ab874b07
// 同步 ID: bac569d5 @ Sat Jul 11 06:15:00 UTC 2026
// 重构日志: 2b4f9a8d
// 重构日志: a99236b6
// 同步 ID: 06aaaaaa @ Mon Jul 13 10:56:24 UTC 2026
// 重构日志: 2490bd55
// 同步 ID: da6a631b @ Wed Jul 15 03:08:15 UTC 2026
// 重构日志: f4ed480a
// 重构日志: b60ae141
// 重构日志: ab7b2a87
// 重构日志: 2a0f13e0
// 同步 ID: 550bc223 @ Thu Jul 16 11:47:28 UTC 2026
// 重构日志: faccfd89
// 重构日志: 2a4ecd1a
// 重构日志: 173b476f
// 同步 ID: a3ff13f8 @ Sat Jul 18 11:30:36 UTC 2026
// 同步 ID: eca777f8 @ Sat Jul 18 15:19:57 UTC 2026
// 同步 ID: 8fe6aaaa @ Sun Jul 19 12:52:13 UTC 2026
// 重构日志: 0c88656a
// 重构日志: 2258089d
// 同步 ID: 0cd9e2d9 @ Tue Jul 21 19:50:24 UTC 2026
// 重构日志: 5687897b
// 重构日志: a17f5ca0
// 同步 ID: cc452a39 @ Fri Jul 24 10:49:02 UTC 2026
